<?xml version="1.0" encoding="UTF-8"?>
<!-- Generated by org.testng.reporters.JUnitReportReporter -->
<testsuite hostname="Declans-Air" failures="0" tests="5" name="com.declan.testscripts.MainGUITest" time="7.102" errors="0" timestamp="2022-07-18T11:21:43 BST" skipped="0">
  <testcase classname="com.declan.testscripts.MainGUITest" name="Test001_ClickCookie" time="0.106"/>
  <system-out/>
  <testcase classname="com.declan.testscripts.MainGUITest" name="InputTrainStationDetails" time="0.700"/>
  <system-out/>
  <testcase classname="com.declan.testscripts.MainGUITest" name="changeDateofTrains" time="3.072"/>
  <system-out/>
  <testcase classname="com.declan.testscripts.MainGUITest" name="changeTimeOfTrain" time="3.146"/>
  <system-out/>
  <testcase classname="com.declan.testscripts.MainGUITest" name="searchTickets" time="0.078"/>
  <system-out/>
</testsuite> <!-- com.declan.testscripts.MainGUITest -->
