<?xml version="1.0" encoding="UTF-8"?>
<!-- Generated by org.testng.reporters.JUnitReportReporter -->
<testsuite hostname="Declans-Air" failures="0" tests="8" name="com.declan.testscripts.MainGUITest" time="17.515" errors="0" timestamp="2022-07-20T10:26:18 BST" skipped="0">
  <testcase classname="com.declan.testscripts.MainGUITest" name="Test001_ClickCookie" time="0.059"/>
  <system-out/>
  <testcase classname="com.declan.testscripts.MainGUITest" name="InputTrainStationDetails" time="0.781"/>
  <system-out/>
  <testcase classname="com.declan.testscripts.MainGUITest" name="returnOrSingle" time="0.040"/>
  <system-out/>
  <testcase classname="com.declan.testscripts.MainGUITest" name="changeDateofTrains" time="3.032"/>
  <system-out/>
  <testcase classname="com.declan.testscripts.MainGUITest" name="changeTimeOfTrain" time="3.185"/>
  <system-out/>
  <testcase classname="com.declan.testscripts.MainGUITest" name="searchForTrains" time="10.101"/>
  <system-out/>
  <testcase classname="com.declan.testscripts.MainGUITest" name="takeScreenShot" time="0.251"/>
  <system-out/>
  <testcase classname="com.declan.testscripts.MainGUITest" name="searchTickets" time="0.066"/>
  <system-out/>
</testsuite> <!-- com.declan.testscripts.MainGUITest -->
