<?xml version="1.0" encoding="UTF-8"?>
<!-- Generated by org.testng.reporters.JUnitReportReporter -->
<testsuite hostname="Declans-Air" failures="0" tests="9" name="com.declan.testscripts.ReturnTrainTicketTest" time="23.259" errors="0" timestamp="2022-07-20T10:56:29 BST" skipped="0">
  <testcase classname="com.declan.testscripts.ReturnTrainTicketTest" name="Test001_ClickCookie" time="0.049"/>
  <system-out/>
  <testcase classname="com.declan.testscripts.ReturnTrainTicketTest" name="InputTrainStationDetails" time="0.839"/>
  <system-out/>
  <testcase classname="com.declan.testscripts.ReturnTrainTicketTest" name="returnOrSingle" time="0.175"/>
  <system-out/>
  <testcase classname="com.declan.testscripts.ReturnTrainTicketTest" name="changeDateofLeavingTrains" time="2.865"/>
  <system-out/>
  <testcase classname="com.declan.testscripts.ReturnTrainTicketTest" name="changeDateofReturningTrains" time="2.731"/>
  <system-out/>
  <testcase classname="com.declan.testscripts.ReturnTrainTicketTest" name="changeTimeOfLeavingTrain" time="6.206"/>
  <system-out/>
  <testcase classname="com.declan.testscripts.ReturnTrainTicketTest" name="searchForTrains" time="10.096"/>
  <system-out/>
  <testcase classname="com.declan.testscripts.ReturnTrainTicketTest" name="takeScreenShot" time="0.237"/>
  <system-out/>
  <testcase classname="com.declan.testscripts.ReturnTrainTicketTest" name="searchTickets" time="0.061"/>
  <system-out/>
</testsuite> <!-- com.declan.testscripts.ReturnTrainTicketTest -->
