<?xml version="1.0" encoding="UTF-8"?>
<!-- Generated by org.testng.reporters.JUnitReportReporter -->
<testsuite hostname="Declans-Air" failures="0" tests="2" name="com.declan.testscripts.quicktest" time="55.944" errors="0" timestamp="2022-07-20T10:18:14 BST" skipped="0">
  <testcase classname="com.declan.testscripts.quicktest" name="Test001_ClickCookie" time="37.661"/>
  <system-out/>
  <testcase classname="com.declan.testscripts.quicktest" name="Test001_ClickCookie" time="18.283"/>
  <system-out/>
</testsuite> <!-- com.declan.testscripts.quicktest -->
