<?xml version="1.0" encoding="UTF-8"?>
<!-- Generated by org.testng.reporters.JUnitReportReporter -->
<testsuite hostname="Declans-Air" failures="0" tests="5" name="com.declan.functionalcode.MainGUITest" time="7.000" errors="0" timestamp="2022-07-18T11:18:17 BST" skipped="0">
  <testcase classname="com.declan.functionalcode.MainGUITest" name="Test001_ClickCookie" time="0.081"/>
  <system-out/>
  <testcase classname="com.declan.functionalcode.MainGUITest" name="InputTrainStationDetails" time="0.700"/>
  <system-out/>
  <testcase classname="com.declan.functionalcode.MainGUITest" name="changeDateofTrains" time="2.948"/>
  <system-out/>
  <testcase classname="com.declan.functionalcode.MainGUITest" name="changeTimeOfTrain" time="3.179"/>
  <system-out/>
  <testcase classname="com.declan.functionalcode.MainGUITest" name="searchTickets" time="0.092"/>
  <system-out/>
</testsuite> <!-- com.declan.functionalcode.MainGUITest -->
